
**** Build of configuration Debug for project TestCode ****

"C:\\ti\\ccsv6\\utils\\bin\\gmake" -k all 
'Building file: ../cw.c'
'Invoking: MSP430 Compiler'
"C:/ti/ccsv6/tools/compiler/ti-cgt-msp430_4.4.3/bin/cl430" -vmspx --abi=eabi --data_model=restricted --use_hw_mpy=F5 --include_path="C:/ti/ccsv6/ccs_base/msp430/include" --include_path="C:/ti/ccsv6/tools/compiler/ti-cgt-msp430_4.4.3/include" --advice:power=all --advice:hw_config=all -g --define=__MSP430FR5969__ --diag_warning=225 --display_error_number --diag_wrap=off --silicon_errata=CPU21 --silicon_errata=CPU22 --silicon_errata=CPU40 --printf_support=minimal --preproc_with_compile --preproc_dependency="cw.pp"  "../cw.c"
"../cw.c", line 67: error #41: expected an identifier
"../cw.c", line 68: error #20: identifier "CCTL0" is undefined
"../cw.c", line 70: error #20: identifier "CCR0" is undefined
"../cw.c", line 93: warning #225-D: function "LED_ON" declared implicitly
"../cw.c", line 94: error #18: expected a ")"
"../cw.c", line 104: warning #12-D: parsing restarts here after previous syntax error
"../cw.c", line 104: error #128: expected a statement
"../cw.c", line 106: error #110: expression preceding parentheses of apparent call must have (pointer-to-) function type
"../cw.c", line 113: error #110: expression preceding parentheses of apparent call must have (pointer-to-) function type
"../cw.c", line 115: error #110: expression preceding parentheses of apparent call must have (pointer-to-) function type
"../cw.c", line 117: warning #994-D: missing return statement at end of non-void function "cwSend"
"../cw.c", line 76: warning #179-D: variable "sinIndex" was declared but never referenced
"../cw.c", line 84: remark #2553-D: (ULP 14.1) Array index (involving "currChar") of type "int". Recommend using "unsigned int"
"../cw.c", line 86: remark #2553-D: (ULP 14.1) Array index (involving "currChar") of type "int". Recommend using "unsigned int"
"../cw.c", line 111: remark #1544-D: (ULP 13.1) Detected loop counting up. Recommend loops count down as detecting zeros is easier
8 errors detected in the compilation of "../cw.c".

>> Compilation failure
gmake: *** [cw.obj] Error 1
gmake: Target `all' not remade because of errors.

**** Build Finished ****
